2025-08-13 12:46:11 [main] INFO  com.litmus7.employeemanager.dao.EmployeeDAO - JDBC Driver loaded successfully.
2025-08-13 12:46:11 [main] INFO  com.litmus7.employeemanager.dao.EmployeeDAO - Total employees fetched: 5
2025-08-13 13:05:57 [main] INFO  com.litmus7.employeemanager.service.EmployeeService - Fetching all employees
2025-08-13 13:05:58 [main] INFO  com.litmus7.employeemanager.dao.EmployeeDAO - JDBC Driver loaded successfully.
2025-08-13 13:05:58 [main] INFO  com.litmus7.employeemanager.dao.EmployeeDAO - Total employees fetched: 5
2025-08-13 13:05:58 [main] INFO  com.litmus7.employeemanager.service.EmployeeService - Retrieved 5 employees
2025-08-13 13:06:05 [main] INFO  com.litmus7.employeemanager.service.EmployeeService - Fetching employee with ID: 1
2025-08-13 13:06:06 [main] INFO  com.litmus7.employeemanager.service.EmployeeService - Employee found: com.litmus7.employeemanager.dto.Employee@616fe72b
2025-08-13 13:06:12 [main] INFO  com.litmus7.employeemanager.service.EmployeeService - Attempting to delete employee with ID: 1
2025-08-13 13:06:12 [main] INFO  com.litmus7.employeemanager.service.EmployeeService - Employee deletion successful for ID: 1
2025-08-14 10:49:34 [main] INFO  com.litmus7.employeemanager.service.EmployeeService - Attempting to create employee: com.litmus7.employeemanager.dto.Employee@34bde49d
2025-08-14 10:49:34 [main] INFO  com.litmus7.employeemanager.dao.EmployeeDAO - JDBC Driver loaded successfully.
2025-08-14 10:49:34 [main] INFO  com.litmus7.employeemanager.dao.EmployeeDAO - Rows inserted: 1
2025-08-14 10:49:34 [main] ERROR com.litmus7.employeemanager.dao.EmployeeDAO - Failed to create employee  
java.sql.SQLIntegrityConstraintViolationException: Duplicate entry '13' for key 'employee.PRIMARY'
	at mysql.connector.j@9.4.0/com.mysql.cj.jdbc.exceptions.SQLError.createSQLException(SQLError.java:109)
	at mysql.connector.j@9.4.0/com.mysql.cj.jdbc.exceptions.SQLExceptionsMapping.translateException(SQLExceptionsMapping.java:114)
	at mysql.connector.j@9.4.0/com.mysql.cj.jdbc.ClientPreparedStatement.executeInternal(ClientPreparedStatement.java:988)
	at mysql.connector.j@9.4.0/com.mysql.cj.jdbc.ClientPreparedStatement.executeUpdateInternal(ClientPreparedStatement.java:1166)
	at mysql.connector.j@9.4.0/com.mysql.cj.jdbc.ClientPreparedStatement.executeUpdateInternal(ClientPreparedStatement.java:1101)
	at mysql.connector.j@9.4.0/com.mysql.cj.jdbc.ClientPreparedStatement.executeLargeUpdate(ClientPreparedStatement.java:1448)
	at mysql.connector.j@9.4.0/com.mysql.cj.jdbc.ClientPreparedStatement.executeUpdate(ClientPreparedStatement.java:1084)
	at com.litmus7.employeemanager.dao.EmployeeDAO.createEmployee(EmployeeDAO.java:46)
	at com.litmus7.employeemanager.service.EmployeeService.createEmployee(EmployeeService.java:21)
	at com.litmus7.employeemanager.controller.EmployeeController.createEmployee(EmployeeController.java:22)
	at com.litmus7.employeemanager.app.EmployeeManagerApp.createEmployee(EmployeeManagerApp.java:102)
	at com.litmus7.employeemanager.app.EmployeeManagerApp.main(EmployeeManagerApp.java:37)
2025-08-14 10:49:34 [main] ERROR com.litmus7.employeemanager.service.EmployeeService - Error while creating employee: com.litmus7.employeemanager.dto.Employee@34bde49d
com.litmus7.employeemanager.exception.EmployeeDaoException: Database error while creating employee.
	at com.litmus7.employeemanager.dao.EmployeeDAO.createEmployee(EmployeeDAO.java:50)
	at com.litmus7.employeemanager.service.EmployeeService.createEmployee(EmployeeService.java:21)
	at com.litmus7.employeemanager.controller.EmployeeController.createEmployee(EmployeeController.java:22)
	at com.litmus7.employeemanager.app.EmployeeManagerApp.createEmployee(EmployeeManagerApp.java:102)
	at com.litmus7.employeemanager.app.EmployeeManagerApp.main(EmployeeManagerApp.java:37)
Caused by: java.sql.SQLIntegrityConstraintViolationException: Duplicate entry '13' for key 'employee.PRIMARY'
	at mysql.connector.j@9.4.0/com.mysql.cj.jdbc.exceptions.SQLError.createSQLException(SQLError.java:109)
	at mysql.connector.j@9.4.0/com.mysql.cj.jdbc.exceptions.SQLExceptionsMapping.translateException(SQLExceptionsMapping.java:114)
	at mysql.connector.j@9.4.0/com.mysql.cj.jdbc.ClientPreparedStatement.executeInternal(ClientPreparedStatement.java:988)
	at mysql.connector.j@9.4.0/com.mysql.cj.jdbc.ClientPreparedStatement.executeUpdateInternal(ClientPreparedStatement.java:1166)
	at mysql.connector.j@9.4.0/com.mysql.cj.jdbc.ClientPreparedStatement.executeUpdateInternal(ClientPreparedStatement.java:1101)
	at mysql.connector.j@9.4.0/com.mysql.cj.jdbc.ClientPreparedStatement.executeLargeUpdate(ClientPreparedStatement.java:1448)
	at mysql.connector.j@9.4.0/com.mysql.cj.jdbc.ClientPreparedStatement.executeUpdate(ClientPreparedStatement.java:1084)
	at com.litmus7.employeemanager.dao.EmployeeDAO.createEmployee(EmployeeDAO.java:46)
	... 4 more
2025-08-14 10:52:21 [main] INFO  com.litmus7.employeemanager.service.EmployeeService - Attempting to create employee: com.litmus7.employeemanager.dto.Employee@34bde49d
2025-08-14 10:52:21 [main] INFO  com.litmus7.employeemanager.dao.EmployeeDAO - JDBC Driver loaded successfully.
2025-08-14 10:52:21 [main] INFO  com.litmus7.employeemanager.dao.EmployeeDAO - Rows inserted: 1
2025-08-14 10:52:21 [main] ERROR com.litmus7.employeemanager.dao.EmployeeDAO - Failed to create employee  
java.sql.SQLIntegrityConstraintViolationException: Duplicate entry '22' for key 'employee.PRIMARY'
	at mysql.connector.j@9.4.0/com.mysql.cj.jdbc.exceptions.SQLError.createSQLException(SQLError.java:109)
	at mysql.connector.j@9.4.0/com.mysql.cj.jdbc.exceptions.SQLExceptionsMapping.translateException(SQLExceptionsMapping.java:114)
	at mysql.connector.j@9.4.0/com.mysql.cj.jdbc.ClientPreparedStatement.executeInternal(ClientPreparedStatement.java:988)
	at mysql.connector.j@9.4.0/com.mysql.cj.jdbc.ClientPreparedStatement.executeUpdateInternal(ClientPreparedStatement.java:1166)
	at mysql.connector.j@9.4.0/com.mysql.cj.jdbc.ClientPreparedStatement.executeUpdateInternal(ClientPreparedStatement.java:1101)
	at mysql.connector.j@9.4.0/com.mysql.cj.jdbc.ClientPreparedStatement.executeLargeUpdate(ClientPreparedStatement.java:1448)
	at mysql.connector.j@9.4.0/com.mysql.cj.jdbc.ClientPreparedStatement.executeUpdate(ClientPreparedStatement.java:1084)
	at com.litmus7.employeemanager.dao.EmployeeDAO.createEmployee(EmployeeDAO.java:46)
	at com.litmus7.employeemanager.service.EmployeeService.createEmployee(EmployeeService.java:21)
	at com.litmus7.employeemanager.controller.EmployeeController.createEmployee(EmployeeController.java:22)
	at com.litmus7.employeemanager.app.EmployeeManagerApp.createEmployee(EmployeeManagerApp.java:102)
	at com.litmus7.employeemanager.app.EmployeeManagerApp.main(EmployeeManagerApp.java:37)
2025-08-14 10:52:21 [main] ERROR com.litmus7.employeemanager.service.EmployeeService - Error while creating employee: com.litmus7.employeemanager.dto.Employee@34bde49d
com.litmus7.employeemanager.exception.EmployeeDaoException: Database error while creating employee.
	at com.litmus7.employeemanager.dao.EmployeeDAO.createEmployee(EmployeeDAO.java:50)
	at com.litmus7.employeemanager.service.EmployeeService.createEmployee(EmployeeService.java:21)
	at com.litmus7.employeemanager.controller.EmployeeController.createEmployee(EmployeeController.java:22)
	at com.litmus7.employeemanager.app.EmployeeManagerApp.createEmployee(EmployeeManagerApp.java:102)
	at com.litmus7.employeemanager.app.EmployeeManagerApp.main(EmployeeManagerApp.java:37)
Caused by: java.sql.SQLIntegrityConstraintViolationException: Duplicate entry '22' for key 'employee.PRIMARY'
	at mysql.connector.j@9.4.0/com.mysql.cj.jdbc.exceptions.SQLError.createSQLException(SQLError.java:109)
	at mysql.connector.j@9.4.0/com.mysql.cj.jdbc.exceptions.SQLExceptionsMapping.translateException(SQLExceptionsMapping.java:114)
	at mysql.connector.j@9.4.0/com.mysql.cj.jdbc.ClientPreparedStatement.executeInternal(ClientPreparedStatement.java:988)
	at mysql.connector.j@9.4.0/com.mysql.cj.jdbc.ClientPreparedStatement.executeUpdateInternal(ClientPreparedStatement.java:1166)
	at mysql.connector.j@9.4.0/com.mysql.cj.jdbc.ClientPreparedStatement.executeUpdateInternal(ClientPreparedStatement.java:1101)
	at mysql.connector.j@9.4.0/com.mysql.cj.jdbc.ClientPreparedStatement.executeLargeUpdate(ClientPreparedStatement.java:1448)
	at mysql.connector.j@9.4.0/com.mysql.cj.jdbc.ClientPreparedStatement.executeUpdate(ClientPreparedStatement.java:1084)
	at com.litmus7.employeemanager.dao.EmployeeDAO.createEmployee(EmployeeDAO.java:46)
	... 4 more
2025-08-14 10:55:10 [main] INFO  com.litmus7.employeemanager.service.EmployeeService - Attempting to create employee: com.litmus7.employeemanager.dto.Employee@34bde49d
2025-08-14 10:55:10 [main] INFO  com.litmus7.employeemanager.dao.EmployeeDAO - JDBC Driver loaded successfully.
2025-08-14 10:55:10 [main] INFO  com.litmus7.employeemanager.dao.EmployeeDAO - Rows inserted: 1
2025-08-14 10:55:10 [main] ERROR com.litmus7.employeemanager.dao.EmployeeDAO - Failed to create employee  
java.sql.SQLIntegrityConstraintViolationException: Duplicate entry '29' for key 'employee.PRIMARY'
	at mysql.connector.j@9.4.0/com.mysql.cj.jdbc.exceptions.SQLError.createSQLException(SQLError.java:109)
	at mysql.connector.j@9.4.0/com.mysql.cj.jdbc.exceptions.SQLExceptionsMapping.translateException(SQLExceptionsMapping.java:114)
	at mysql.connector.j@9.4.0/com.mysql.cj.jdbc.ClientPreparedStatement.executeInternal(ClientPreparedStatement.java:988)
	at mysql.connector.j@9.4.0/com.mysql.cj.jdbc.ClientPreparedStatement.executeUpdateInternal(ClientPreparedStatement.java:1166)
	at mysql.connector.j@9.4.0/com.mysql.cj.jdbc.ClientPreparedStatement.executeUpdateInternal(ClientPreparedStatement.java:1101)
	at mysql.connector.j@9.4.0/com.mysql.cj.jdbc.ClientPreparedStatement.executeLargeUpdate(ClientPreparedStatement.java:1448)
	at mysql.connector.j@9.4.0/com.mysql.cj.jdbc.ClientPreparedStatement.executeUpdate(ClientPreparedStatement.java:1084)
	at com.litmus7.employeemanager.dao.EmployeeDAO.createEmployee(EmployeeDAO.java:46)
	at com.litmus7.employeemanager.service.EmployeeService.createEmployee(EmployeeService.java:21)
	at com.litmus7.employeemanager.controller.EmployeeController.createEmployee(EmployeeController.java:22)
	at com.litmus7.employeemanager.app.EmployeeManagerApp.createEmployee(EmployeeManagerApp.java:102)
	at com.litmus7.employeemanager.app.EmployeeManagerApp.main(EmployeeManagerApp.java:37)
2025-08-14 10:55:10 [main] ERROR com.litmus7.employeemanager.service.EmployeeService - Error while creating employee: com.litmus7.employeemanager.dto.Employee@34bde49d
com.litmus7.employeemanager.exception.EmployeeDaoException: Database error while creating employee.
	at com.litmus7.employeemanager.dao.EmployeeDAO.createEmployee(EmployeeDAO.java:50)
	at com.litmus7.employeemanager.service.EmployeeService.createEmployee(EmployeeService.java:21)
	at com.litmus7.employeemanager.controller.EmployeeController.createEmployee(EmployeeController.java:22)
	at com.litmus7.employeemanager.app.EmployeeManagerApp.createEmployee(EmployeeManagerApp.java:102)
	at com.litmus7.employeemanager.app.EmployeeManagerApp.main(EmployeeManagerApp.java:37)
Caused by: java.sql.SQLIntegrityConstraintViolationException: Duplicate entry '29' for key 'employee.PRIMARY'
	at mysql.connector.j@9.4.0/com.mysql.cj.jdbc.exceptions.SQLError.createSQLException(SQLError.java:109)
	at mysql.connector.j@9.4.0/com.mysql.cj.jdbc.exceptions.SQLExceptionsMapping.translateException(SQLExceptionsMapping.java:114)
	at mysql.connector.j@9.4.0/com.mysql.cj.jdbc.ClientPreparedStatement.executeInternal(ClientPreparedStatement.java:988)
	at mysql.connector.j@9.4.0/com.mysql.cj.jdbc.ClientPreparedStatement.executeUpdateInternal(ClientPreparedStatement.java:1166)
	at mysql.connector.j@9.4.0/com.mysql.cj.jdbc.ClientPreparedStatement.executeUpdateInternal(ClientPreparedStatement.java:1101)
	at mysql.connector.j@9.4.0/com.mysql.cj.jdbc.ClientPreparedStatement.executeLargeUpdate(ClientPreparedStatement.java:1448)
	at mysql.connector.j@9.4.0/com.mysql.cj.jdbc.ClientPreparedStatement.executeUpdate(ClientPreparedStatement.java:1084)
	at com.litmus7.employeemanager.dao.EmployeeDAO.createEmployee(EmployeeDAO.java:46)
	... 4 more
2025-08-14 11:12:36 [main] INFO  com.litmus7.employeemanager.service.EmployeeService - Attempting to create employee: com.litmus7.employeemanager.dto.Employee@34bde49d
2025-08-14 11:12:36 [main] INFO  com.litmus7.employeemanager.dao.EmployeeDAO - JDBC Driver loaded successfully.
2025-08-14 11:12:36 [main] INFO  com.litmus7.employeemanager.dao.EmployeeDAO - Rows inserted: 1
2025-08-14 11:12:36 [main] INFO  com.litmus7.employeemanager.service.EmployeeService - Employee creation successful for ID: {}
2025-08-14 11:13:22 [main] INFO  com.litmus7.employeemanager.service.EmployeeService - Attempting to create employee: com.litmus7.employeemanager.dto.Employee@34bde49d
2025-08-14 11:13:22 [main] INFO  com.litmus7.employeemanager.dao.EmployeeDAO - JDBC Driver loaded successfully.
2025-08-14 11:13:22 [main] INFO  com.litmus7.employeemanager.dao.EmployeeDAO - Rows inserted: 1
2025-08-14 11:13:22 [main] INFO  com.litmus7.employeemanager.service.EmployeeService - Employee creation successful for ID: {}
2025-08-14 11:15:56 [main] INFO  com.litmus7.employeemanager.service.EmployeeService - Attempting to create employee: com.litmus7.employeemanager.dto.Employee@34bde49d
2025-08-14 11:15:56 [main] INFO  com.litmus7.employeemanager.dao.EmployeeDAO - JDBC Driver loaded successfully.
2025-08-14 11:15:56 [main] INFO  com.litmus7.employeemanager.dao.EmployeeDAO - Rows inserted: 1
2025-08-14 11:15:56 [main] INFO  com.litmus7.employeemanager.service.EmployeeService - Employee creation successful for ID: 19
2025-08-14 11:22:43 [main] INFO  com.litmus7.employeemanager.service.EmployeeService - Fetching all employees
2025-08-14 11:22:43 [main] INFO  com.litmus7.employeemanager.dao.EmployeeDAO - JDBC Driver loaded successfully.
2025-08-14 11:22:43 [main] INFO  com.litmus7.employeemanager.dao.EmployeeDAO - Total employees fetched: 10
2025-08-14 11:22:43 [main] INFO  com.litmus7.employeemanager.service.EmployeeService - Retrieved 10 employees
2025-08-14 12:00:12 [main] INFO  com.litmus7.employeemanager.service.EmployeeService - Fetching all employees
2025-08-14 12:00:12 [main] INFO  com.litmus7.employeemanager.dao.EmployeeDAO - JDBC Driver loaded successfully.
2025-08-14 12:00:12 [main] INFO  com.litmus7.employeemanager.dao.EmployeeDAO - Total employees fetched: 10
2025-08-14 12:00:12 [main] INFO  com.litmus7.employeemanager.service.EmployeeService - Retrieved 10 employees
2025-08-14 12:00:36 [main] INFO  com.litmus7.employeemanager.service.EmployeeService - Fetching employee with ID: 4
2025-08-14 12:00:36 [main] INFO  com.litmus7.employeemanager.service.EmployeeService - Employee found: com.litmus7.employeemanager.dto.Employee@53f0a4cb
2025-08-14 12:01:08 [main] INFO  com.litmus7.employeemanager.service.EmployeeService - Attempting to create employee: com.litmus7.employeemanager.dto.Employee@5cbe877d
2025-08-14 12:01:08 [main] INFO  com.litmus7.employeemanager.dao.EmployeeDAO - JDBC Driver loaded successfully.
2025-08-14 12:02:18 [main] INFO  com.litmus7.employeemanager.service.EmployeeService - Attempting to create employee: com.litmus7.employeemanager.dto.Employee@34bde49d
2025-08-14 12:02:18 [main] INFO  com.litmus7.employeemanager.dao.EmployeeDAO - JDBC Driver loaded successfully.
2025-08-14 12:12:43 [main] INFO  com.litmus7.employeemanager.service.EmployeeService - Fetching all employees
2025-08-14 12:12:43 [main] INFO  com.litmus7.employeemanager.dao.EmployeeDAO - JDBC Driver loaded successfully.
2025-08-14 12:12:43 [main] INFO  com.litmus7.employeemanager.dao.EmployeeDAO - Total employees fetched: 10
2025-08-14 12:12:43 [main] INFO  com.litmus7.employeemanager.service.EmployeeService - Retrieved 10 employees
2025-08-14 12:12:49 [main] INFO  com.litmus7.employeemanager.service.EmployeeService - Fetching employee with ID: 1
2025-08-14 12:13:17 [main] INFO  com.litmus7.employeemanager.service.EmployeeService - Attempting to create employee: com.litmus7.employeemanager.dto.Employee@821330f
2025-08-14 12:13:17 [main] INFO  com.litmus7.employeemanager.dao.EmployeeDAO - JDBC Driver loaded successfully.
2025-08-14 12:23:45 [main] INFO  com.litmus7.employeemanager.service.EmployeeService - Attempting to create employee: com.litmus7.employeemanager.dto.Employee@821330f
2025-08-14 12:23:45 [main] INFO  com.litmus7.employeemanager.dao.EmployeeDAO - JDBC Driver loaded successfully.
2025-08-14 12:23:45 [main] INFO  com.litmus7.employeemanager.dao.EmployeeDAO - Rows inserted: 1
2025-08-14 12:23:45 [main] INFO  com.litmus7.employeemanager.service.EmployeeService - Employee creation successful for ID: 49
2025-08-14 12:24:06 [main] INFO  com.litmus7.employeemanager.service.EmployeeService - Fetching all employees
2025-08-14 12:24:07 [main] INFO  com.litmus7.employeemanager.dao.EmployeeDAO - JDBC Driver loaded successfully.
2025-08-14 12:24:07 [main] INFO  com.litmus7.employeemanager.dao.EmployeeDAO - Total employees fetched: 11
2025-08-14 12:24:07 [main] INFO  com.litmus7.employeemanager.service.EmployeeService - Retrieved 11 employees
2025-08-14 12:24:15 [main] INFO  com.litmus7.employeemanager.service.EmployeeService - Fetching employee with ID: 1
2025-08-14 12:54:34 [main] INFO  com.litmus7.employeemanager.service.EmployeeService - Fetching all employees
2025-08-14 12:54:34 [main] INFO  com.litmus7.employeemanager.dao.EmployeeDAO - JDBC Driver loaded successfully.
2025-08-14 12:54:34 [main] INFO  com.litmus7.employeemanager.dao.EmployeeDAO - Total employees fetched: 11
2025-08-14 12:54:34 [main] INFO  com.litmus7.employeemanager.service.EmployeeService - Retrieved 11 employees
2025-08-14 12:54:56 [main] INFO  com.litmus7.employeemanager.service.EmployeeService - Fetching employee with ID: 11
2025-08-14 12:57:47 [main] INFO  com.litmus7.employeemanager.service.EmployeeService - Fetching all employees
2025-08-14 12:57:47 [main] INFO  com.litmus7.employeemanager.dao.EmployeeDAO - JDBC Driver loaded successfully.
2025-08-14 12:57:47 [main] INFO  com.litmus7.employeemanager.dao.EmployeeDAO - Total employees fetched: 11
2025-08-14 12:57:47 [main] INFO  com.litmus7.employeemanager.service.EmployeeService - Retrieved 11 employees
2025-08-14 12:58:03 [main] INFO  com.litmus7.employeemanager.service.EmployeeService - Fetching employee with ID: 111
2025-08-14 12:58:13 [main] INFO  com.litmus7.employeemanager.service.EmployeeService - Fetching employee with ID: 5
2025-08-14 12:58:20 [main] INFO  com.litmus7.employeemanager.service.EmployeeService - Fetching all employees
2025-08-14 12:58:20 [main] INFO  com.litmus7.employeemanager.dao.EmployeeDAO - JDBC Driver loaded successfully.
2025-08-14 12:58:20 [main] INFO  com.litmus7.employeemanager.dao.EmployeeDAO - Total employees fetched: 11
2025-08-14 12:58:20 [main] INFO  com.litmus7.employeemanager.service.EmployeeService - Retrieved 11 employees
2025-08-14 12:58:42 [main] INFO  com.litmus7.employeemanager.service.EmployeeService - Attempting to create employee: com.litmus7.employeemanager.dto.Employee@821330f
2025-08-14 12:58:42 [main] INFO  com.litmus7.employeemanager.dao.EmployeeDAO - JDBC Driver loaded successfully.
2025-08-14 12:58:42 [main] INFO  com.litmus7.employeemanager.dao.EmployeeDAO - Rows inserted: 1
2025-08-14 12:58:42 [main] INFO  com.litmus7.employeemanager.service.EmployeeService - Employee creation successful for ID: 115
2025-08-17 15:09:18 [main] INFO  com.litmus7.employeemanager.service.EmployeeService - Fetching employee with ID: 1221
2025-08-17 15:12:29 [main] INFO  com.litmus7.employeemanager.service.EmployeeService - Fetching employee with ID: 121212
2025-08-17 15:33:26 [main] INFO  com.litmus7.employeemanager.service.EmployeeService - Fetching employee with ID: 12121
2025-08-17 15:41:44 [main] INFO  com.litmus7.employeemanager.service.EmployeeService - Fetching employee with ID: 12121
2025-08-17 15:41:44 [main] ERROR com.litmus7.employeemanager.service.EmployeeService - Service Layer Unable to Retrive Employee with id : 12121
com.litmus7.employeemanager.exception.EmployeeNotFoundException: Employee with ID 12121 notfound.
	at com.litmus7.employeemanager.dao.EmployeeDAO.getEmployeeById(EmployeeDAO.java:109)
	at com.litmus7.employeemanager.service.EmployeeService.getEmployeeById(EmployeeService.java:94)
	at com.litmus7.employeemanager.controller.EmployeeController.getEmployeeById(EmployeeController.java:104)
	at com.litmus7.employeemanager.app.EmployeeManagerApp.getEmployeeById(EmployeeManagerApp.java:87)
	at com.litmus7.employeemanager.app.EmployeeManagerApp.main(EmployeeManagerApp.java:33)
2025-08-17 15:42:03 [main] INFO  com.litmus7.employeemanager.service.EmployeeService - Fetching all employees
2025-08-17 15:42:03 [main] INFO  com.litmus7.employeemanager.dao.EmployeeDAO - JDBC Driver loaded successfully.
2025-08-17 15:42:03 [main] INFO  com.litmus7.employeemanager.dao.EmployeeDAO - Total employees fetched: 12
2025-08-17 15:42:03 [main] INFO  com.litmus7.employeemanager.service.EmployeeService - Retrieved 12 employees
2025-08-17 15:43:36 [main] INFO  com.litmus7.employeemanager.service.EmployeeService - Attempting to delete employee with ID: 121211
2025-08-17 15:43:36 [main] INFO  com.litmus7.employeemanager.service.EmployeeService - Employee deletion failed for ID: 121211
2025-08-17 15:57:14 [main] INFO  com.litmus7.employeemanager.service.EmployeeService - Attempting to delete employee with ID: 121211
2025-08-17 15:57:15 [main] WARN  com.litmus7.employeemanager.dao.EmployeeDAO - No employee found with ID: 121211
2025-08-17 15:57:15 [main] ERROR com.litmus7.employeemanager.dao.EmployeeDAO - Unexpected error while deleting employee with ID 121211
com.litmus7.employeemanager.exception.EmployeeNotFoundException: Employee with ID 121211 not found.
	at com.litmus7.employeemanager.dao.EmployeeDAO.deleteEmployee(EmployeeDAO.java:130)
	at com.litmus7.employeemanager.service.EmployeeService.deleteEmployee(EmployeeService.java:74)
	at com.litmus7.employeemanager.controller.EmployeeController.deleteEmployee(EmployeeController.java:74)
	at com.litmus7.employeemanager.app.EmployeeManagerApp.deleteEmployee(EmployeeManagerApp.java:115)
	at com.litmus7.employeemanager.app.EmployeeManagerApp.main(EmployeeManagerApp.java:35)
2025-08-17 15:57:15 [main] ERROR com.litmus7.employeemanager.service.EmployeeService - Error while deleting employee with ID: 121211
com.litmus7.employeemanager.exception.EmployeeDaoException: Unexpected error while deleting employee.
	at com.litmus7.employeemanager.dao.EmployeeDAO.deleteEmployee(EmployeeDAO.java:141)
	at com.litmus7.employeemanager.service.EmployeeService.deleteEmployee(EmployeeService.java:74)
	at com.litmus7.employeemanager.controller.EmployeeController.deleteEmployee(EmployeeController.java:74)
	at com.litmus7.employeemanager.app.EmployeeManagerApp.deleteEmployee(EmployeeManagerApp.java:115)
	at com.litmus7.employeemanager.app.EmployeeManagerApp.main(EmployeeManagerApp.java:35)
Caused by: com.litmus7.employeemanager.exception.EmployeeNotFoundException: Employee with ID 121211 not found.
	at com.litmus7.employeemanager.dao.EmployeeDAO.deleteEmployee(EmployeeDAO.java:130)
	... 4 more
2025-08-17 15:58:09 [main] INFO  com.litmus7.employeemanager.service.EmployeeService - Fetching all employees
2025-08-17 15:58:09 [main] INFO  com.litmus7.employeemanager.dao.EmployeeDAO - JDBC Driver loaded successfully.
2025-08-17 15:58:09 [main] INFO  com.litmus7.employeemanager.dao.EmployeeDAO - Total employees fetched: 12
2025-08-17 15:58:09 [main] INFO  com.litmus7.employeemanager.service.EmployeeService - Retrieved 12 employees
2025-08-17 15:58:15 [main] INFO  com.litmus7.employeemanager.service.EmployeeService - Fetching employee with ID: 22
2025-08-17 15:58:15 [main] INFO  com.litmus7.employeemanager.service.EmployeeService - Employee found: com.litmus7.employeemanager.dto.Employee@60957c0f
2025-08-17 15:58:30 [main] INFO  com.litmus7.employeemanager.service.EmployeeService - Attempting to delete employee with ID: 1
2025-08-17 15:58:30 [main] WARN  com.litmus7.employeemanager.dao.EmployeeDAO - No employee found with ID: 1
2025-08-17 15:58:30 [main] ERROR com.litmus7.employeemanager.dao.EmployeeDAO - Unexpected error while deleting employee with ID 1
com.litmus7.employeemanager.exception.EmployeeNotFoundException: Employee with ID 1 not found.
	at com.litmus7.employeemanager.dao.EmployeeDAO.deleteEmployee(EmployeeDAO.java:130)
	at com.litmus7.employeemanager.service.EmployeeService.deleteEmployee(EmployeeService.java:74)
	at com.litmus7.employeemanager.controller.EmployeeController.deleteEmployee(EmployeeController.java:74)
	at com.litmus7.employeemanager.app.EmployeeManagerApp.deleteEmployee(EmployeeManagerApp.java:115)
	at com.litmus7.employeemanager.app.EmployeeManagerApp.main(EmployeeManagerApp.java:35)
2025-08-17 15:58:30 [main] ERROR com.litmus7.employeemanager.service.EmployeeService - Error while deleting employee with ID: 1
com.litmus7.employeemanager.exception.EmployeeDaoException: Unexpected error while deleting employee.
	at com.litmus7.employeemanager.dao.EmployeeDAO.deleteEmployee(EmployeeDAO.java:141)
	at com.litmus7.employeemanager.service.EmployeeService.deleteEmployee(EmployeeService.java:74)
	at com.litmus7.employeemanager.controller.EmployeeController.deleteEmployee(EmployeeController.java:74)
	at com.litmus7.employeemanager.app.EmployeeManagerApp.deleteEmployee(EmployeeManagerApp.java:115)
	at com.litmus7.employeemanager.app.EmployeeManagerApp.main(EmployeeManagerApp.java:35)
Caused by: com.litmus7.employeemanager.exception.EmployeeNotFoundException: Employee with ID 1 not found.
	at com.litmus7.employeemanager.dao.EmployeeDAO.deleteEmployee(EmployeeDAO.java:130)
	... 4 more
2025-08-17 15:58:44 [main] INFO  com.litmus7.employeemanager.service.EmployeeService - Fetching all employees
2025-08-17 15:58:44 [main] INFO  com.litmus7.employeemanager.dao.EmployeeDAO - JDBC Driver loaded successfully.
2025-08-17 15:58:44 [main] INFO  com.litmus7.employeemanager.dao.EmployeeDAO - Total employees fetched: 12
2025-08-17 15:58:44 [main] INFO  com.litmus7.employeemanager.service.EmployeeService - Retrieved 12 employees
2025-08-17 15:58:57 [main] INFO  com.litmus7.employeemanager.service.EmployeeService - Attempting to delete employee with ID: 19
2025-08-17 15:58:57 [main] INFO  com.litmus7.employeemanager.dao.EmployeeDAO - Employee with ID 19 deleted successfully
2025-08-17 15:58:57 [main] INFO  com.litmus7.employeemanager.service.EmployeeService - Employee deletion successful for ID: 19
2025-08-17 16:24:49 [main] INFO  com.litmus7.employeemanager.service.EmployeeService - Attempting to delete employee with ID: 12112
2025-08-17 16:24:50 [main] WARN  com.litmus7.employeemanager.dao.EmployeeDAO - No employee found with ID: 12112
2025-08-17 16:24:50 [main] ERROR com.litmus7.employeemanager.dao.EmployeeDAO - Unexpected error while deleting employee with ID 12112
com.litmus7.employeemanager.exception.EmployeeNotFoundException: Employee with ID 12112 not found.
	at com.litmus7.employeemanager.dao.EmployeeDAO.deleteEmployee(EmployeeDAO.java:130)
	at com.litmus7.employeemanager.service.EmployeeService.deleteEmployee(EmployeeService.java:74)
	at com.litmus7.employeemanager.controller.EmployeeController.deleteEmployee(EmployeeController.java:70)
	at com.litmus7.employeemanager.app.EmployeeManagerApp.deleteEmployee(EmployeeManagerApp.java:115)
	at com.litmus7.employeemanager.app.EmployeeManagerApp.main(EmployeeManagerApp.java:35)
2025-08-17 16:24:50 [main] ERROR com.litmus7.employeemanager.service.EmployeeService - Error while deleting employee with ID: 12112
com.litmus7.employeemanager.exception.EmployeeDaoException: Unexpected error while deleting employee.
	at com.litmus7.employeemanager.dao.EmployeeDAO.deleteEmployee(EmployeeDAO.java:141)
	at com.litmus7.employeemanager.service.EmployeeService.deleteEmployee(EmployeeService.java:74)
	at com.litmus7.employeemanager.controller.EmployeeController.deleteEmployee(EmployeeController.java:70)
	at com.litmus7.employeemanager.app.EmployeeManagerApp.deleteEmployee(EmployeeManagerApp.java:115)
	at com.litmus7.employeemanager.app.EmployeeManagerApp.main(EmployeeManagerApp.java:35)
Caused by: com.litmus7.employeemanager.exception.EmployeeNotFoundException: Employee with ID 12112 not found.
	at com.litmus7.employeemanager.dao.EmployeeDAO.deleteEmployee(EmployeeDAO.java:130)
	... 4 more
2025-08-17 16:31:42 [main] INFO  com.litmus7.employeemanager.service.EmployeeService - Fetching employee with ID: 1
2025-08-17 16:31:42 [main] ERROR com.litmus7.employeemanager.dao.EmployeeDAO - Unexpected error while fetching employee by ID
com.litmus7.employeemanager.exception.EmployeeNotFoundException: Employee with ID 1 not found.
	at com.litmus7.employeemanager.dao.EmployeeDAO.getEmployeeById(EmployeeDAO.java:109)
	at com.litmus7.employeemanager.service.EmployeeService.getEmployeeById(EmployeeService.java:133)
	at com.litmus7.employeemanager.controller.EmployeeController.getEmployeeById(EmployeeController.java:96)
	at com.litmus7.employeemanager.app.EmployeeManagerApp.getEmployeeById(EmployeeManagerApp.java:87)
	at com.litmus7.employeemanager.app.EmployeeManagerApp.main(EmployeeManagerApp.java:33)
2025-08-17 16:31:42 [main] ERROR com.litmus7.employeemanager.service.EmployeeService - Error while retrieving employee with ID: 1
com.litmus7.employeemanager.exception.EmployeeDaoException: Unexpected error while fetching employee by ID.
	at com.litmus7.employeemanager.dao.EmployeeDAO.getEmployeeById(EmployeeDAO.java:117)
	at com.litmus7.employeemanager.service.EmployeeService.getEmployeeById(EmployeeService.java:133)
	at com.litmus7.employeemanager.controller.EmployeeController.getEmployeeById(EmployeeController.java:96)
	at com.litmus7.employeemanager.app.EmployeeManagerApp.getEmployeeById(EmployeeManagerApp.java:87)
	at com.litmus7.employeemanager.app.EmployeeManagerApp.main(EmployeeManagerApp.java:33)
Caused by: com.litmus7.employeemanager.exception.EmployeeNotFoundException: Employee with ID 1 not found.
	at com.litmus7.employeemanager.dao.EmployeeDAO.getEmployeeById(EmployeeDAO.java:109)
	... 4 more
2025-08-17 16:31:46 [main] INFO  com.litmus7.employeemanager.service.EmployeeService - Fetching employee with ID: 12
2025-08-17 16:31:46 [main] ERROR com.litmus7.employeemanager.dao.EmployeeDAO - Unexpected error while fetching employee by ID
com.litmus7.employeemanager.exception.EmployeeNotFoundException: Employee with ID 12 not found.
	at com.litmus7.employeemanager.dao.EmployeeDAO.getEmployeeById(EmployeeDAO.java:109)
	at com.litmus7.employeemanager.service.EmployeeService.getEmployeeById(EmployeeService.java:133)
	at com.litmus7.employeemanager.controller.EmployeeController.getEmployeeById(EmployeeController.java:96)
	at com.litmus7.employeemanager.app.EmployeeManagerApp.getEmployeeById(EmployeeManagerApp.java:87)
	at com.litmus7.employeemanager.app.EmployeeManagerApp.main(EmployeeManagerApp.java:33)
2025-08-17 16:31:46 [main] ERROR com.litmus7.employeemanager.service.EmployeeService - Error while retrieving employee with ID: 12
com.litmus7.employeemanager.exception.EmployeeDaoException: Unexpected error while fetching employee by ID.
	at com.litmus7.employeemanager.dao.EmployeeDAO.getEmployeeById(EmployeeDAO.java:117)
	at com.litmus7.employeemanager.service.EmployeeService.getEmployeeById(EmployeeService.java:133)
	at com.litmus7.employeemanager.controller.EmployeeController.getEmployeeById(EmployeeController.java:96)
	at com.litmus7.employeemanager.app.EmployeeManagerApp.getEmployeeById(EmployeeManagerApp.java:87)
	at com.litmus7.employeemanager.app.EmployeeManagerApp.main(EmployeeManagerApp.java:33)
Caused by: com.litmus7.employeemanager.exception.EmployeeNotFoundException: Employee with ID 12 not found.
	at com.litmus7.employeemanager.dao.EmployeeDAO.getEmployeeById(EmployeeDAO.java:109)
	... 4 more
2025-08-17 16:31:51 [main] INFO  com.litmus7.employeemanager.service.EmployeeService - Fetching employee with ID: 22
2025-08-17 16:31:51 [main] INFO  com.litmus7.employeemanager.service.EmployeeService - Employee found: Employee {Empid=22, FirstName='jk', LastName='kk', MobileNumber='8289944135', Email='jk@gmail.com', DateOfJoin='2021-12-12', Active=true}
2025-08-17 16:31:54 [main] INFO  com.litmus7.employeemanager.service.EmployeeService - Fetching all employees
2025-08-17 16:31:54 [main] INFO  com.litmus7.employeemanager.dao.EmployeeDAO - JDBC Driver loaded successfully.
2025-08-17 16:31:54 [main] INFO  com.litmus7.employeemanager.dao.EmployeeDAO - Total employees fetched: 11
2025-08-17 16:31:54 [main] INFO  com.litmus7.employeemanager.service.EmployeeService - Retrieved 11 employees
2025-08-17 16:32:04 [main] INFO  com.litmus7.employeemanager.service.EmployeeService - Fetching employee with ID: 115
2025-08-17 16:32:04 [main] INFO  com.litmus7.employeemanager.service.EmployeeService - Employee found: Employee {Empid=115, FirstName='j', LastName='k', MobileNumber='8289944135', Email='jk@gmail.com', DateOfJoin='2021-12-12', Active=true}
